<?xml version="1.0" encoding="UTF-8"?>
<!-- Generated by org.testng.reporters.JUnitXMLReporter -->
<testsuite ignored="1" hostname="DESKTOP-L6HFUUG" failures="1" tests="1" name="LoginTest(failed)" time="0.043" errors="0" timestamp="2023-04-26T15:18:00 IST">
  <testcase classname="Listeners.LoginTest" name="Facebook" time="0.008">
    <failure type="java.lang.AssertionError" message="expected [sha] but found [anu]">
      <![CDATA[java.lang.AssertionError: expected [sha] but found [anu]
at Listeners.LoginTest.Facebook(LoginTest.java:15)
at java.base/java.util.ArrayList.forEach(ArrayList.java:1511)
... Removed 33 stack frames]]>
    </failure>
  </testcase> <!-- Facebook -->
  <testcase classname="Listeners.LoginTest" name="loginByEmail" time="0.0">
    <ignored/>
  </testcase> <!-- loginByEmail -->
</testsuite> <!-- LoginTest(failed) -->
